2025-08-13 03:59:19,486 - __main__ - INFO - Data directory ensured: bot_data
2025-08-13 03:59:19,486 - __main__ - INFO - DataManager initialized successfully
2025-08-13 03:59:19,502 - __main__ - INFO - Bot starting up...
2025-08-13 03:59:19,503 - __main__ - INFO - Statistics updated successfully
2025-08-13 03:59:19,503 - __main__ - INFO - Data manager initialized and statistics updated
2025-08-13 03:59:19,504 - __main__ - INFO - Bot startup completed successfully!
2025-08-13 03:59:19,504 - __main__ - INFO - Starting bot polling...
2025-08-13 03:59:19,504 - aiogram.dispatcher - INFO - Start polling
2025-08-13 03:59:19,857 - aiogram.dispatcher - INFO - Run polling for bot @Kitobxonkidsbot id=7570796885 - 'Kitobxon Kids'
2025-08-13 03:59:20,204 - aiogram.event - INFO - Update id=957976551 is not handled. Duration 106 ms by bot id=7570796885
2025-08-13 03:59:20,205 - aiogram.event - INFO - Update id=957976552 is not handled. Duration 107 ms by bot id=7570796885
2025-08-13 03:59:20,206 - aiogram.event - INFO - Update id=957976555 is not handled. Duration 104 ms by bot id=7570796885
2025-08-13 03:59:20,206 - aiogram.event - INFO - Update id=957976556 is not handled. Duration 104 ms by bot id=7570796885
2025-08-13 03:59:20,207 - aiogram.event - INFO - Update id=957976557 is not handled. Duration 104 ms by bot id=7570796885
2025-08-13 03:59:20,207 - aiogram.event - INFO - Update id=957976562 is not handled. Duration 99 ms by bot id=7570796885
2025-08-13 03:59:20,207 - aiogram.event - INFO - Update id=957976563 is not handled. Duration 99 ms by bot id=7570796885
2025-08-13 03:59:20,207 - aiogram.event - INFO - Update id=957976564 is not handled. Duration 99 ms by bot id=7570796885
2025-08-13 03:59:20,207 - aiogram.event - INFO - Update id=957976565 is not handled. Duration 99 ms by bot id=7570796885
2025-08-13 03:59:20,207 - aiogram.event - INFO - Update id=957976566 is not handled. Duration 99 ms by bot id=7570796885
2025-08-13 03:59:20,207 - aiogram.event - INFO - Update id=957976567 is not handled. Duration 99 ms by bot id=7570796885
2025-08-13 03:59:20,208 - aiogram.event - INFO - Update id=957976568 is not handled. Duration 99 ms by bot id=7570796885
2025-08-13 03:59:20,208 - aiogram.event - INFO - Update id=957976569 is not handled. Duration 99 ms by bot id=7570796885
2025-08-13 03:59:20,208 - aiogram.event - INFO - Update id=957976570 is not handled. Duration 99 ms by bot id=7570796885
2025-08-13 03:59:20,208 - aiogram.event - INFO - Update id=957976571 is not handled. Duration 98 ms by bot id=7570796885
2025-08-13 03:59:20,208 - aiogram.event - INFO - Update id=957976572 is not handled. Duration 98 ms by bot id=7570796885
2025-08-13 03:59:20,209 - aiogram.event - INFO - Update id=957976573 is not handled. Duration 98 ms by bot id=7570796885
2025-08-13 03:59:20,209 - aiogram.event - INFO - Update id=957976574 is not handled. Duration 98 ms by bot id=7570796885
2025-08-13 03:59:20,209 - aiogram.event - INFO - Update id=957976575 is not handled. Duration 98 ms by bot id=7570796885
2025-08-13 03:59:20,209 - aiogram.event - INFO - Update id=957976577 is not handled. Duration 96 ms by bot id=7570796885
2025-08-13 03:59:20,209 - aiogram.event - INFO - Update id=957976578 is not handled. Duration 96 ms by bot id=7570796885
2025-08-13 03:59:20,209 - aiogram.event - INFO - Update id=957976580 is not handled. Duration 95 ms by bot id=7570796885
2025-08-13 03:59:20,209 - aiogram.event - INFO - Update id=957976584 is not handled. Duration 90 ms by bot id=7570796885
2025-08-13 03:59:20,209 - aiogram.event - INFO - Update id=957976587 is not handled. Duration 88 ms by bot id=7570796885
2025-08-13 03:59:20,210 - aiogram.event - INFO - Update id=957976588 is not handled. Duration 88 ms by bot id=7570796885
2025-08-13 03:59:20,210 - aiogram.event - INFO - Update id=957976589 is not handled. Duration 88 ms by bot id=7570796885
2025-08-13 03:59:20,210 - aiogram.event - INFO - Update id=957976590 is not handled. Duration 88 ms by bot id=7570796885
2025-08-13 03:59:20,210 - aiogram.event - INFO - Update id=957976592 is not handled. Duration 86 ms by bot id=7570796885
2025-08-13 03:59:20,210 - aiogram.event - INFO - Update id=957976593 is not handled. Duration 86 ms by bot id=7570796885
2025-08-13 03:59:20,210 - aiogram.event - INFO - Update id=957976596 is not handled. Duration 84 ms by bot id=7570796885
2025-08-13 03:59:20,210 - aiogram.event - INFO - Update id=957976597 is not handled. Duration 84 ms by bot id=7570796885
2025-08-13 03:59:20,210 - aiogram.event - INFO - Update id=957976603 is not handled. Duration 77 ms by bot id=7570796885
2025-08-13 03:59:20,210 - aiogram.event - INFO - Update id=957976606 is not handled. Duration 74 ms by bot id=7570796885
2025-08-13 03:59:20,210 - aiogram.event - INFO - Update id=957976607 is not handled. Duration 74 ms by bot id=7570796885
2025-08-13 03:59:20,211 - aiogram.event - INFO - Update id=957976612 is not handled. Duration 69 ms by bot id=7570796885
2025-08-13 03:59:20,211 - aiogram.event - INFO - Update id=957976614 is not handled. Duration 67 ms by bot id=7570796885
2025-08-13 03:59:20,211 - aiogram.event - INFO - Update id=957976615 is not handled. Duration 67 ms by bot id=7570796885
2025-08-13 03:59:20,211 - aiogram.event - INFO - Update id=957976616 is not handled. Duration 67 ms by bot id=7570796885
2025-08-13 03:59:20,211 - aiogram.event - INFO - Update id=957976617 is not handled. Duration 66 ms by bot id=7570796885
2025-08-13 03:59:20,211 - aiogram.event - INFO - Update id=957976618 is not handled. Duration 66 ms by bot id=7570796885
2025-08-13 03:59:20,211 - aiogram.event - INFO - Update id=957976619 is not handled. Duration 66 ms by bot id=7570796885
2025-08-13 03:59:20,211 - aiogram.event - INFO - Update id=957976620 is not handled. Duration 66 ms by bot id=7570796885
2025-08-13 03:59:20,211 - aiogram.event - INFO - Update id=957976621 is not handled. Duration 66 ms by bot id=7570796885
2025-08-13 03:59:20,211 - aiogram.event - INFO - Update id=957976622 is not handled. Duration 66 ms by bot id=7570796885
2025-08-13 03:59:20,212 - aiogram.event - INFO - Update id=957976623 is not handled. Duration 66 ms by bot id=7570796885
2025-08-13 03:59:20,212 - aiogram.event - INFO - Update id=957976624 is not handled. Duration 66 ms by bot id=7570796885
2025-08-13 03:59:20,212 - aiogram.event - INFO - Update id=957976625 is not handled. Duration 65 ms by bot id=7570796885
2025-08-13 03:59:20,212 - aiogram.event - INFO - Update id=957976626 is not handled. Duration 65 ms by bot id=7570796885
2025-08-13 03:59:20,212 - aiogram.event - INFO - Update id=957976627 is not handled. Duration 65 ms by bot id=7570796885
2025-08-13 03:59:20,212 - aiogram.event - INFO - Update id=957976628 is not handled. Duration 65 ms by bot id=7570796885
2025-08-13 03:59:20,212 - aiogram.event - INFO - Update id=957976629 is not handled. Duration 65 ms by bot id=7570796885
2025-08-13 03:59:20,212 - aiogram.event - INFO - Update id=957976630 is not handled. Duration 65 ms by bot id=7570796885
2025-08-13 03:59:20,212 - aiogram.event - INFO - Update id=957976631 is not handled. Duration 65 ms by bot id=7570796885
2025-08-13 03:59:20,212 - aiogram.event - INFO - Update id=957976632 is not handled. Duration 65 ms by bot id=7570796885
2025-08-13 03:59:20,212 - aiogram.event - INFO - Update id=957976633 is not handled. Duration 65 ms by bot id=7570796885
2025-08-13 03:59:20,212 - aiogram.event - INFO - Update id=957976634 is not handled. Duration 64 ms by bot id=7570796885
2025-08-13 03:59:20,213 - aiogram.event - INFO - Update id=957976635 is not handled. Duration 63 ms by bot id=7570796885
2025-08-13 03:59:20,213 - aiogram.event - INFO - Update id=957976636 is not handled. Duration 63 ms by bot id=7570796885
2025-08-13 03:59:20,213 - aiogram.event - INFO - Update id=957976639 is not handled. Duration 61 ms by bot id=7570796885
2025-08-13 03:59:20,213 - aiogram.event - INFO - Update id=957976640 is not handled. Duration 61 ms by bot id=7570796885
2025-08-13 03:59:20,213 - aiogram.event - INFO - Update id=957976641 is not handled. Duration 61 ms by bot id=7570796885
2025-08-13 03:59:20,213 - aiogram.event - INFO - Update id=957976642 is not handled. Duration 61 ms by bot id=7570796885
2025-08-13 03:59:20,213 - aiogram.event - INFO - Update id=957976643 is not handled. Duration 61 ms by bot id=7570796885
2025-08-13 03:59:20,213 - aiogram.event - INFO - Update id=957976644 is not handled. Duration 61 ms by bot id=7570796885
2025-08-13 03:59:20,213 - aiogram.event - INFO - Update id=957976645 is not handled. Duration 61 ms by bot id=7570796885
2025-08-13 03:59:20,213 - aiogram.event - INFO - Update id=957976646 is not handled. Duration 61 ms by bot id=7570796885
2025-08-13 03:59:20,214 - aiogram.event - INFO - Update id=957976647 is not handled. Duration 61 ms by bot id=7570796885
2025-08-13 03:59:20,214 - aiogram.event - INFO - Update id=957976648 is not handled. Duration 60 ms by bot id=7570796885
2025-08-13 03:59:20,214 - aiogram.event - INFO - Update id=957976649 is not handled. Duration 60 ms by bot id=7570796885
2025-08-13 03:59:20,214 - aiogram.event - INFO - Update id=957976650 is not handled. Duration 60 ms by bot id=7570796885
2025-08-13 03:59:20,276 - aiogram.event - INFO - Update id=957976651 is not handled. Duration 3 ms by bot id=7570796885
2025-08-13 03:59:20,477 - aiogram.event - INFO - Update id=957976560 is not handled. Duration 371 ms by bot id=7570796885
2025-08-13 03:59:20,477 - aiogram.event - ERROR - Cause exception while process update id=957976560 by bot id=7570796885
TelegramForbiddenError: Telegram server says - Forbidden: bot was blocked by the user
Traceback (most recent call last):
  File "/home/runner/workspace/.pythonlibs/lib/python3.11/site-packages/aiogram/dispatcher/dispatcher.py", line 309, in _process_update
    response = await self.feed_update(bot, update, **kwargs)
               ^^^^^^^^^^^^^^^^^^^^^^^^^^^^^^^^^^^^^^^^^^^^^
  File "/home/runner/workspace/.pythonlibs/lib/python3.11/site-packages/aiogram/dispatcher/dispatcher.py", line 158, in feed_update
    response = await self.update.wrap_outer_middleware(
               ^^^^^^^^^^^^^^^^^^^^^^^^^^^^^^^^^^^^^^^^
  File "/home/runner/workspace/.pythonlibs/lib/python3.11/site-packages/aiogram/dispatcher/middlewares/error.py", line 25, in __call__
    return await handler(event, data)
           ^^^^^^^^^^^^^^^^^^^^^^^^^^
  File "/home/runner/workspace/.pythonlibs/lib/python3.11/site-packages/aiogram/dispatcher/middlewares/user_context.py", line 56, in __call__
    return await handler(event, data)
           ^^^^^^^^^^^^^^^^^^^^^^^^^^
  File "/home/runner/workspace/.pythonlibs/lib/python3.11/site-packages/aiogram/fsm/middleware.py", line 42, in __call__
    return await handler(event, data)
           ^^^^^^^^^^^^^^^^^^^^^^^^^^
  File "/home/runner/workspace/.pythonlibs/lib/python3.11/site-packages/aiogram/dispatcher/event/telegram.py", line 121, in trigger
    return await wrapped_inner(event, kwargs)
           ^^^^^^^^^^^^^^^^^^^^^^^^^^^^^^^^^^
  File "/home/runner/workspace/.pythonlibs/lib/python3.11/site-packages/aiogram/dispatcher/event/handler.py", line 43, in call
    return await wrapped()
           ^^^^^^^^^^^^^^^
  File "/home/runner/workspace/.pythonlibs/lib/python3.11/site-packages/aiogram/dispatcher/dispatcher.py", line 276, in _listen_update
    return await self.propagate_event(update_type=update_type, event=event, **kwargs)
           ^^^^^^^^^^^^^^^^^^^^^^^^^^^^^^^^^^^^^^^^^^^^^^^^^^^^^^^^^^^^^^^^^^^^^^^^^^
  File "/home/runner/workspace/.pythonlibs/lib/python3.11/site-packages/aiogram/dispatcher/router.py", line 146, in propagate_event
    return await observer.wrap_outer_middleware(_wrapped, event=event, data=kwargs)
           ^^^^^^^^^^^^^^^^^^^^^^^^^^^^^^^^^^^^^^^^^^^^^^^^^^^^^^^^^^^^^^^^^^^^^^^^
  File "/home/runner/workspace/.pythonlibs/lib/python3.11/site-packages/aiogram/dispatcher/router.py", line 141, in _wrapped
    return await self._propagate_event(
           ^^^^^^^^^^^^^^^^^^^^^^^^^^^^
  File "/home/runner/workspace/.pythonlibs/lib/python3.11/site-packages/aiogram/dispatcher/router.py", line 166, in _propagate_event
    response = await observer.trigger(event, **kwargs)
               ^^^^^^^^^^^^^^^^^^^^^^^^^^^^^^^^^^^^^^^
  File "/home/runner/workspace/.pythonlibs/lib/python3.11/site-packages/aiogram/dispatcher/event/telegram.py", line 121, in trigger
    return await wrapped_inner(event, kwargs)
           ^^^^^^^^^^^^^^^^^^^^^^^^^^^^^^^^^^
  File "/home/runner/workspace/.pythonlibs/lib/python3.11/site-packages/aiogram/dispatcher/event/handler.py", line 43, in call
    return await wrapped()
           ^^^^^^^^^^^^^^^
  File "/home/runner/workspace/main.py", line 1193, in cmd_start
    await message.answer(welcome_text, reply_markup=keyboard)
  File "/home/runner/workspace/.pythonlibs/lib/python3.11/site-packages/aiogram/methods/base.py", line 84, in emit
    return await bot(self)
           ^^^^^^^^^^^^^^^
  File "/home/runner/workspace/.pythonlibs/lib/python3.11/site-packages/aiogram/client/bot.py", line 482, in __call__
    return await self.session(self, method, timeout=request_timeout)
           ^^^^^^^^^^^^^^^^^^^^^^^^^^^^^^^^^^^^^^^^^^^^^^^^^^^^^^^^^
  File "/home/runner/workspace/.pythonlibs/lib/python3.11/site-packages/aiogram/client/session/base.py", line 254, in __call__
    return cast(TelegramType, await middleware(bot, method))
                              ^^^^^^^^^^^^^^^^^^^^^^^^^^^^^
  File "/home/runner/workspace/.pythonlibs/lib/python3.11/site-packages/aiogram/client/session/aiohttp.py", line 185, in make_request
    response = self.check_response(
               ^^^^^^^^^^^^^^^^^^^^
  File "/home/runner/workspace/.pythonlibs/lib/python3.11/site-packages/aiogram/client/session/base.py", line 128, in check_response
    raise TelegramForbiddenError(method=method, message=description)
aiogram.exceptions.TelegramForbiddenError: Telegram server says - Forbidden: bot was blocked by the user
2025-08-13 03:59:20,483 - aiogram.event - INFO - Update id=957976581 is not handled. Duration 367 ms by bot id=7570796885
2025-08-13 03:59:20,483 - aiogram.event - ERROR - Cause exception while process update id=957976581 by bot id=7570796885
TelegramForbiddenError: Telegram server says - Forbidden: bot was blocked by the user
Traceback (most recent call last):
  File "/home/runner/workspace/.pythonlibs/lib/python3.11/site-packages/aiogram/dispatcher/dispatcher.py", line 309, in _process_update
    response = await self.feed_update(bot, update, **kwargs)
               ^^^^^^^^^^^^^^^^^^^^^^^^^^^^^^^^^^^^^^^^^^^^^
  File "/home/runner/workspace/.pythonlibs/lib/python3.11/site-packages/aiogram/dispatcher/dispatcher.py", line 158, in feed_update
    response = await self.update.wrap_outer_middleware(
               ^^^^^^^^^^^^^^^^^^^^^^^^^^^^^^^^^^^^^^^^
  File "/home/runner/workspace/.pythonlibs/lib/python3.11/site-packages/aiogram/dispatcher/middlewares/error.py", line 25, in __call__
    return await handler(event, data)
           ^^^^^^^^^^^^^^^^^^^^^^^^^^
  File "/home/runner/workspace/.pythonlibs/lib/python3.11/site-packages/aiogram/dispatcher/middlewares/user_context.py", line 56, in __call__
    return await handler(event, data)
           ^^^^^^^^^^^^^^^^^^^^^^^^^^
  File "/home/runner/workspace/.pythonlibs/lib/python3.11/site-packages/aiogram/fsm/middleware.py", line 42, in __call__
    return await handler(event, data)
           ^^^^^^^^^^^^^^^^^^^^^^^^^^
  File "/home/runner/workspace/.pythonlibs/lib/python3.11/site-packages/aiogram/dispatcher/event/telegram.py", line 121, in trigger
    return await wrapped_inner(event, kwargs)
           ^^^^^^^^^^^^^^^^^^^^^^^^^^^^^^^^^^
  File "/home/runner/workspace/.pythonlibs/lib/python3.11/site-packages/aiogram/dispatcher/event/handler.py", line 43, in call
    return await wrapped()
           ^^^^^^^^^^^^^^^
  File "/home/runner/workspace/.pythonlibs/lib/python3.11/site-packages/aiogram/dispatcher/dispatcher.py", line 276, in _listen_update
    return await self.propagate_event(update_type=update_type, event=event, **kwargs)
           ^^^^^^^^^^^^^^^^^^^^^^^^^^^^^^^^^^^^^^^^^^^^^^^^^^^^^^^^^^^^^^^^^^^^^^^^^^
  File "/home/runner/workspace/.pythonlibs/lib/python3.11/site-packages/aiogram/dispatcher/router.py", line 146, in propagate_event
    return await observer.wrap_outer_middleware(_wrapped, event=event, data=kwargs)
           ^^^^^^^^^^^^^^^^^^^^^^^^^^^^^^^^^^^^^^^^^^^^^^^^^^^^^^^^^^^^^^^^^^^^^^^^
  File "/home/runner/workspace/.pythonlibs/lib/python3.11/site-packages/aiogram/dispatcher/router.py", line 141, in _wrapped
    return await self._propagate_event(
           ^^^^^^^^^^^^^^^^^^^^^^^^^^^^
  File "/home/runner/workspace/.pythonlibs/lib/python3.11/site-packages/aiogram/dispatcher/router.py", line 166, in _propagate_event
    response = await observer.trigger(event, **kwargs)
               ^^^^^^^^^^^^^^^^^^^^^^^^^^^^^^^^^^^^^^^
  File "/home/runner/workspace/.pythonlibs/lib/python3.11/site-packages/aiogram/dispatcher/event/telegram.py", line 121, in trigger
    return await wrapped_inner(event, kwargs)
           ^^^^^^^^^^^^^^^^^^^^^^^^^^^^^^^^^^
  File "/home/runner/workspace/.pythonlibs/lib/python3.11/site-packages/aiogram/dispatcher/event/handler.py", line 43, in call
    return await wrapped()
           ^^^^^^^^^^^^^^^
  File "/home/runner/workspace/main.py", line 1193, in cmd_start
    await message.answer(welcome_text, reply_markup=keyboard)
  File "/home/runner/workspace/.pythonlibs/lib/python3.11/site-packages/aiogram/methods/base.py", line 84, in emit
    return await bot(self)
           ^^^^^^^^^^^^^^^
  File "/home/runner/workspace/.pythonlibs/lib/python3.11/site-packages/aiogram/client/bot.py", line 482, in __call__
    return await self.session(self, method, timeout=request_timeout)
           ^^^^^^^^^^^^^^^^^^^^^^^^^^^^^^^^^^^^^^^^^^^^^^^^^^^^^^^^^
  File "/home/runner/workspace/.pythonlibs/lib/python3.11/site-packages/aiogram/client/session/base.py", line 254, in __call__
    return cast(TelegramType, await middleware(bot, method))
                              ^^^^^^^^^^^^^^^^^^^^^^^^^^^^^
  File "/home/runner/workspace/.pythonlibs/lib/python3.11/site-packages/aiogram/client/session/aiohttp.py", line 185, in make_request
    response = self.check_response(
               ^^^^^^^^^^^^^^^^^^^^
  File "/home/runner/workspace/.pythonlibs/lib/python3.11/site-packages/aiogram/client/session/base.py", line 128, in check_response
    raise TelegramForbiddenError(method=method, message=description)
aiogram.exceptions.TelegramForbiddenError: Telegram server says - Forbidden: bot was blocked by the user
2025-08-13 03:59:20,486 - aiogram.event - INFO - Update id=957976553 is handled. Duration 387 ms by bot id=7570796885
2025-08-13 03:59:20,488 - aiogram.event - INFO - Update id=957976561 is handled. Duration 381 ms by bot id=7570796885
2025-08-13 03:59:20,489 - aiogram.event - INFO - Update id=957976558 is handled. Duration 386 ms by bot id=7570796885
2025-08-13 03:59:20,490 - aiogram.event - INFO - Update id=957976576 is handled. Duration 379 ms by bot id=7570796885
2025-08-13 03:59:20,492 - aiogram.event - INFO - Update id=957976579 is handled. Duration 379 ms by bot id=7570796885
2025-08-13 03:59:20,492 - aiogram.event - INFO - Update id=957976559 is handled. Duration 388 ms by bot id=7570796885
2025-08-13 03:59:20,495 - aiogram.event - INFO - Update id=957976554 is handled. Duration 394 ms by bot id=7570796885
2025-08-13 03:59:20,496 - aiogram.event - INFO - Update id=957976585 is handled. Duration 376 ms by bot id=7570796885
2025-08-13 03:59:20,496 - aiogram.event - INFO - Update id=957976583 is handled. Duration 378 ms by bot id=7570796885
2025-08-13 03:59:20,497 - aiogram.event - INFO - Update id=957976598 is handled. Duration 370 ms by bot id=7570796885
2025-08-13 03:59:20,499 - aiogram.event - INFO - Update id=957976591 is handled. Duration 376 ms by bot id=7570796885
2025-08-13 03:59:20,511 - aiogram.event - INFO - Update id=957976599 is handled. Duration 383 ms by bot id=7570796885
2025-08-13 03:59:20,512 - aiogram.event - INFO - Update id=957976602 is handled. Duration 380 ms by bot id=7570796885
2025-08-13 03:59:20,513 - aiogram.event - INFO - Update id=957976586 is handled. Duration 392 ms by bot id=7570796885
2025-08-13 03:59:20,522 - aiogram.event - INFO - Update id=957976594 is handled. Duration 398 ms by bot id=7570796885
2025-08-13 03:59:20,527 - aiogram.event - INFO - Update id=957976601 is handled. Duration 396 ms by bot id=7570796885
2025-08-13 03:59:20,534 - aiogram.event - INFO - Update id=957976582 is not handled. Duration 417 ms by bot id=7570796885
2025-08-13 03:59:20,534 - aiogram.event - ERROR - Cause exception while process update id=957976582 by bot id=7570796885
TelegramForbiddenError: Telegram server says - Forbidden: bot was blocked by the user
Traceback (most recent call last):
  File "/home/runner/workspace/.pythonlibs/lib/python3.11/site-packages/aiogram/dispatcher/dispatcher.py", line 309, in _process_update
    response = await self.feed_update(bot, update, **kwargs)
               ^^^^^^^^^^^^^^^^^^^^^^^^^^^^^^^^^^^^^^^^^^^^^
  File "/home/runner/workspace/.pythonlibs/lib/python3.11/site-packages/aiogram/dispatcher/dispatcher.py", line 158, in feed_update
    response = await self.update.wrap_outer_middleware(
               ^^^^^^^^^^^^^^^^^^^^^^^^^^^^^^^^^^^^^^^^
  File "/home/runner/workspace/.pythonlibs/lib/python3.11/site-packages/aiogram/dispatcher/middlewares/error.py", line 25, in __call__
    return await handler(event, data)
           ^^^^^^^^^^^^^^^^^^^^^^^^^^
  File "/home/runner/workspace/.pythonlibs/lib/python3.11/site-packages/aiogram/dispatcher/middlewares/user_context.py", line 56, in __call__
    return await handler(event, data)
           ^^^^^^^^^^^^^^^^^^^^^^^^^^
  File "/home/runner/workspace/.pythonlibs/lib/python3.11/site-packages/aiogram/fsm/middleware.py", line 42, in __call__
    return await handler(event, data)
           ^^^^^^^^^^^^^^^^^^^^^^^^^^
  File "/home/runner/workspace/.pythonlibs/lib/python3.11/site-packages/aiogram/dispatcher/event/telegram.py", line 121, in trigger
    return await wrapped_inner(event, kwargs)
           ^^^^^^^^^^^^^^^^^^^^^^^^^^^^^^^^^^
  File "/home/runner/workspace/.pythonlibs/lib/python3.11/site-packages/aiogram/dispatcher/event/handler.py", line 43, in call
    return await wrapped()
           ^^^^^^^^^^^^^^^
  File "/home/runner/workspace/.pythonlibs/lib/python3.11/site-packages/aiogram/dispatcher/dispatcher.py", line 276, in _listen_update
    return await self.propagate_event(update_type=update_type, event=event, **kwargs)
           ^^^^^^^^^^^^^^^^^^^^^^^^^^^^^^^^^^^^^^^^^^^^^^^^^^^^^^^^^^^^^^^^^^^^^^^^^^
  File "/home/runner/workspace/.pythonlibs/lib/python3.11/site-packages/aiogram/dispatcher/router.py", line 146, in propagate_event
    return await observer.wrap_outer_middleware(_wrapped, event=event, data=kwargs)
           ^^^^^^^^^^^^^^^^^^^^^^^^^^^^^^^^^^^^^^^^^^^^^^^^^^^^^^^^^^^^^^^^^^^^^^^^
  File "/home/runner/workspace/.pythonlibs/lib/python3.11/site-packages/aiogram/dispatcher/router.py", line 141, in _wrapped
    return await self._propagate_event(
           ^^^^^^^^^^^^^^^^^^^^^^^^^^^^
  File "/home/runner/workspace/.pythonlibs/lib/python3.11/site-packages/aiogram/dispatcher/router.py", line 166, in _propagate_event
    response = await observer.trigger(event, **kwargs)
               ^^^^^^^^^^^^^^^^^^^^^^^^^^^^^^^^^^^^^^^
  File "/home/runner/workspace/.pythonlibs/lib/python3.11/site-packages/aiogram/dispatcher/event/telegram.py", line 121, in trigger
    return await wrapped_inner(event, kwargs)
           ^^^^^^^^^^^^^^^^^^^^^^^^^^^^^^^^^^
  File "/home/runner/workspace/.pythonlibs/lib/python3.11/site-packages/aiogram/dispatcher/event/handler.py", line 43, in call
    return await wrapped()
           ^^^^^^^^^^^^^^^
  File "/home/runner/workspace/main.py", line 1193, in cmd_start
    await message.answer(welcome_text, reply_markup=keyboard)
  File "/home/runner/workspace/.pythonlibs/lib/python3.11/site-packages/aiogram/methods/base.py", line 84, in emit
    return await bot(self)
           ^^^^^^^^^^^^^^^
  File "/home/runner/workspace/.pythonlibs/lib/python3.11/site-packages/aiogram/client/bot.py", line 482, in __call__
    return await self.session(self, method, timeout=request_timeout)
           ^^^^^^^^^^^^^^^^^^^^^^^^^^^^^^^^^^^^^^^^^^^^^^^^^^^^^^^^^
  File "/home/runner/workspace/.pythonlibs/lib/python3.11/site-packages/aiogram/client/session/base.py", line 254, in __call__
    return cast(TelegramType, await middleware(bot, method))
                              ^^^^^^^^^^^^^^^^^^^^^^^^^^^^^
  File "/home/runner/workspace/.pythonlibs/lib/python3.11/site-packages/aiogram/client/session/aiohttp.py", line 185, in make_request
    response = self.check_response(
               ^^^^^^^^^^^^^^^^^^^^
  File "/home/runner/workspace/.pythonlibs/lib/python3.11/site-packages/aiogram/client/session/base.py", line 128, in check_response
    raise TelegramForbiddenError(method=method, message=description)
aiogram.exceptions.TelegramForbiddenError: Telegram server says - Forbidden: bot was blocked by the user
2025-08-13 03:59:20,536 - aiogram.event - INFO - Update id=957976604 is handled. Duration 403 ms by bot id=7570796885
2025-08-13 03:59:20,538 - aiogram.event - INFO - Update id=957976608 is handled. Duration 401 ms by bot id=7570796885
2025-08-13 03:59:20,541 - aiogram.event - INFO - Update id=957976595 is handled. Duration 416 ms by bot id=7570796885
2025-08-13 03:59:20,542 - aiogram.event - INFO - Update id=957976609 is handled. Duration 404 ms by bot id=7570796885
2025-08-13 03:59:20,544 - aiogram.event - INFO - Update id=957976610 is handled. Duration 405 ms by bot id=7570796885
2025-08-13 03:59:20,545 - aiogram.event - INFO - Update id=957976613 is handled. Duration 403 ms by bot id=7570796885
2025-08-13 03:59:20,545 - aiogram.event - INFO - Update id=957976611 is handled. Duration 405 ms by bot id=7570796885
2025-08-13 03:59:20,547 - aiogram.event - INFO - Update id=957976637 is handled. Duration 397 ms by bot id=7570796885
2025-08-13 03:59:20,552 - aiogram.event - INFO - Update id=957976605 is handled. Duration 417 ms by bot id=7570796885
2025-08-13 03:59:20,555 - aiogram.event - INFO - Update id=957976600 is handled. Duration 425 ms by bot id=7570796885
2025-08-13 03:59:20,567 - aiogram.event - INFO - Update id=957976638 is handled. Duration 416 ms by bot id=7570796885
2025-08-13 03:59:41,775 - aiogram.event - INFO - Update id=957976652 is handled. Duration 131 ms by bot id=7570796885
2025-08-13 03:59:55,458 - aiogram.event - INFO - Update id=957976653 is handled. Duration 170 ms by bot id=7570796885
2025-08-13 03:59:57,252 - aiogram.event - INFO - Update id=957976654 is handled. Duration 131 ms by bot id=7570796885
2025-08-13 04:00:05,705 - aiogram.event - INFO - Update id=957976655 is handled. Duration 190 ms by bot id=7570796885
2025-08-13 04:00:15,026 - aiogram.event - INFO - Update id=957976656 is handled. Duration 133 ms by bot id=7570796885
2025-08-13 04:00:30,648 - aiogram.event - INFO - Update id=957976657 is handled. Duration 141 ms by bot id=7570796885
2025-08-13 04:00:34,640 - aiogram.event - INFO - Update id=957976658 is handled. Duration 273 ms by bot id=7570796885
2025-08-13 04:00:37,893 - aiogram.event - INFO - Update id=957976659 is handled. Duration 161 ms by bot id=7570796885
2025-08-13 04:00:42,933 - aiogram.event - INFO - Update id=957976660 is handled. Duration 133 ms by bot id=7570796885
2025-08-13 04:00:50,384 - aiogram.event - INFO - Update id=957976661 is handled. Duration 132 ms by bot id=7570796885
2025-08-13 04:01:03,766 - __main__ - INFO - User registration saved: 835519980 (ID: 835519980_1755057663.765681)
2025-08-13 04:01:03,767 - __main__ - INFO - Statistics updated successfully
2025-08-13 04:01:03,905 - aiogram.event - INFO - Update id=957976662 is handled. Duration 141 ms by bot id=7570796885
2025-08-13 04:01:08,827 - aiogram.event - INFO - Update id=957976663 is handled. Duration 137 ms by bot id=7570796885
2025-08-13 04:01:30,240 - aiogram.event - INFO - Update id=957976664 is handled. Duration 137 ms by bot id=7570796885
2025-08-13 04:01:32,181 - aiogram.event - INFO - Update id=957976665 is handled. Duration 131 ms by bot id=7570796885
2025-08-13 04:02:56,453 - aiogram.event - INFO - Update id=957976666 is handled. Duration 178 ms by bot id=7570796885
2025-08-13 04:03:59,076 - aiogram.event - INFO - Update id=957976667 is not handled. Duration 2 ms by bot id=7570796885
2025-08-13 04:04:50,497 - aiogram.event - INFO - Update id=957976668 is handled. Duration 142 ms by bot id=7570796885
2025-08-13 04:04:52,827 - aiogram.event - INFO - Update id=957976669 is handled. Duration 131 ms by bot id=7570796885
2025-08-13 04:04:56,294 - aiogram.event - INFO - Update id=957976670 is handled. Duration 129 ms by bot id=7570796885
2025-08-13 04:05:14,640 - aiogram.event - INFO - Update id=957976671 is handled. Duration 144 ms by bot id=7570796885
2025-08-13 04:05:26,473 - aiogram.event - INFO - Update id=957976672 is handled. Duration 157 ms by bot id=7570796885
2025-08-13 04:06:04,569 - __main__ - INFO - User registration saved: 1000608132 (ID: 1000608132_1755057964.565014)
2025-08-13 04:06:04,574 - __main__ - INFO - Statistics updated successfully
2025-08-13 04:06:04,707 - aiogram.event - INFO - Update id=957976673 is handled. Duration 143 ms by bot id=7570796885
2025-08-13 04:06:22,644 - aiogram.event - INFO - Update id=957976674 is handled. Duration 207 ms by bot id=7570796885
2025-08-13 04:06:45,052 - aiogram.event - INFO - Update id=957976675 is handled. Duration 134 ms by bot id=7570796885
2025-08-13 04:06:59,576 - aiogram.event - INFO - Update id=957976676 is handled. Duration 132 ms by bot id=7570796885
2025-08-13 04:07:01,885 - aiogram.event - INFO - Update id=957976677 is handled. Duration 254 ms by bot id=7570796885
2025-08-13 04:07:03,921 - aiogram.event - INFO - Update id=957976678 is handled. Duration 150 ms by bot id=7570796885
2025-08-13 04:07:14,372 - aiogram.event - INFO - Update id=957976679 is handled. Duration 138 ms by bot id=7570796885
2025-08-13 04:07:20,566 - aiogram.event - INFO - Update id=957976680 is handled. Duration 148 ms by bot id=7570796885
2025-08-13 04:07:33,617 - aiogram.event - INFO - Update id=957976681 is handled. Duration 132 ms by bot id=7570796885
2025-08-13 04:07:50,977 - __main__ - INFO - User registration saved: 1000608132 (ID: 1000608132_1755058070.977464)
2025-08-13 04:07:50,979 - __main__ - INFO - Statistics updated successfully
2025-08-13 04:07:51,196 - aiogram.event - INFO - Update id=957976682 is handled. Duration 220 ms by bot id=7570796885
2025-08-13 04:08:54,240 - aiogram.dispatcher - WARNING - Received SIGTERM signal
2025-08-13 04:08:54,240 - aiogram.dispatcher - INFO - Polling stopped for bot @Kitobxonkidsbot id=7570796885 - 'Kitobxon Kids'
2025-08-13 04:08:54,241 - aiogram.dispatcher - INFO - Polling stopped
2025-08-13 04:08:54,492 - __main__ - INFO - Bot shutting down...
2025-08-13 04:08:54,492 - __main__ - INFO - Bot shutdown completed
